TN:
SF:src\controller\UserController.ts
FN:6,UserController
FN:9,getUsers
FN:13,createUser
FN:18,getUserById
FN:28,updateUser
FNF:5
FNH:5
FNDA:1,UserController
FNDA:1,getUsers
FNDA:1,createUser
FNDA:2,getUserById
FNDA:1,updateUser
DA:1,1
DA:2,1
DA:3,1
DA:4,1
DA:5,1
DA:6,1
DA:7,1
DA:8,1
DA:9,1
DA:10,1
DA:11,1
DA:12,1
DA:13,1
DA:14,1
DA:15,1
DA:16,1
DA:17,1
DA:18,1
DA:19,2
DA:20,2
DA:21,2
DA:22,1
DA:23,1
DA:24,1
DA:25,1
DA:26,1
DA:27,1
DA:28,1
DA:29,1
DA:30,1
DA:31,1
DA:32,1
DA:33,1
DA:34,1
DA:35,0
DA:36,0
DA:37,0
DA:38,1
DA:39,1
LF:39
LH:36
BRDA:6,0,0,1
BRDA:9,1,0,1
BRDA:13,2,0,1
BRDA:18,3,0,2
BRDA:21,4,0,1
BRDA:28,5,0,1
BRDA:29,6,0,0
BRDA:34,7,0,0
BRF:8
BRH:6
end_of_record
